[2025-10-12T18:56:43.484Z] CONNECT user-0ef5
[2025-10-12T18:56:50.411Z] CONNECT user-2675
[2025-10-12T18:57:03.888Z] MSG user-0ef5: hola como va?
[2025-10-12T18:57:11.824Z] MSG user-2675: biren y vos
[2025-10-12T18:57:30.103Z] DISCONNECT user-2675
[2025-10-12T18:57:32.578Z] DISCONNECT user-0ef5
{"level":"info","message":"LOGIN_OK","timestamp":"2025-10-13T22:49:23.772Z","username":"alice"}
{"level":"info","message":"WS_CONNECT","timestamp":"2025-10-13T22:49:23.778Z","username":"alice"}
{"level":"info","message":"LOGIN_OK","timestamp":"2025-10-13T22:49:45.038Z","username":"bob"}
{"level":"info","message":"WS_CONNECT","timestamp":"2025-10-13T22:49:45.040Z","username":"bob"}
{"from":"bob","level":"info","message":"WS_MSG","text":"hola como vba?","timestamp":"2025-10-13T22:50:15.410Z"}
{"from":"alice","level":"info","message":"WS_MSG","text":"bien y vos","timestamp":"2025-10-13T22:50:21.757Z"}
{"level":"info","message":"WS_DISCONNECT","timestamp":"2025-10-13T22:58:55.604Z","username":"bob"}
{"level":"info","message":"WS_DISCONNECT","timestamp":"2025-10-13T22:58:57.437Z","username":"alice"}
{"level":"info","message":"LOGIN_OK","timestamp":"2025-10-13T23:00:19.707Z","username":"alice"}
{"level":"info","message":"WS_CONNECT","timestamp":"2025-10-13T23:00:19.709Z","username":"alice"}
{"level":"info","message":"WS_DISCONNECT","timestamp":"2025-10-13T23:00:49.471Z","username":"alice"}
{"level":"info","message":"LOGIN_OK","timestamp":"2025-10-13T23:00:54.043Z","username":"alice"}
{"level":"info","message":"WS_CONNECT","timestamp":"2025-10-13T23:00:54.048Z","username":"alice"}
{"level":"warn","message":"LOGIN_FAIL","timestamp":"2025-10-13T23:01:11.608Z","username":"bob"}
{"level":"info","message":"LOGIN_OK","timestamp":"2025-10-13T23:01:17.481Z","username":"bob"}
{"level":"info","message":"WS_CONNECT","timestamp":"2025-10-13T23:01:17.488Z","username":"bob"}
{"from":"alice","level":"info","message":"WS_MSG","text":"buyenas","timestamp":"2025-10-13T23:01:22.991Z"}
{"from":"bob","level":"info","message":"WS_MSG","text":"eeeeee","timestamp":"2025-10-13T23:01:26.139Z"}
{"level":"info","message":"WS_DISCONNECT","timestamp":"2025-10-13T23:01:28.825Z","username":"alice"}
{"level":"info","message":"WS_DISCONNECT","timestamp":"2025-10-13T23:01:31.060Z","username":"bob"}
